[15:26:03] [ServerMain/INFO]: Environment: authHost='https://authserver.mojang.com', accountsHost='https://api.mojang.com', sessionHost='https://sessionserver.mojang.com', servicesHost='https://api.minecraftservices.com', name='PROD'
[15:26:04] [ServerMain/INFO]: Loaded 7 recipes
[15:26:05] [Server thread/INFO]: Starting minecraft server version 1.19.4
[15:26:05] [Server thread/INFO]: Loading properties
[15:26:05] [Server thread/INFO]: This server is running CraftBukkit version 3749-Spigot-7da74da-d9324b4 (MC: 1.19.4) (Implementing API version 1.19.4-R0.1-SNAPSHOT)
[15:26:05] [Server thread/INFO]: Debug logging is disabled
[15:26:05] [Server thread/INFO]: Server Ping Player Sample Count: 12
[15:26:05] [Server thread/INFO]: Using 4 threads for Netty based IO
[15:26:05] [Server thread/INFO]: Default game type: SURVIVAL
[15:26:05] [Server thread/INFO]: Generating keypair
[15:26:06] [Server thread/INFO]: Starting Minecraft server on *:25565
[15:26:06] [Server thread/INFO]: Using default channel type
[15:26:07] [Server thread/INFO]: [WorldEdit] Loading WorldEdit v7.2.14+6360-094b734
[15:26:07] [Server thread/INFO]: Got request to register class com.sk89q.worldedit.bukkit.BukkitServerInterface with WorldEdit [com.sk89q.worldedit.extension.platform.PlatformManager@4d266bcd]
[15:26:07] [Server thread/INFO]: [MobArena] Loading MobArena v0.107
[15:26:07] [Server thread/INFO]: [WorldGuard] Loading WorldGuard v7.0.7+216b061
[15:26:07] [Server thread/INFO]: [WorldGuardExtraFlags] Loading WorldGuardExtraFlags v4.2.1
[15:26:07] [Server thread/INFO]: [WarpSystem] Loading WarpSystem v5.1.6-free
[15:26:07] [Server thread/INFO]: [WorldEdit] Enabling WorldEdit v7.2.14+6360-094b734
[15:26:07] [Server thread/INFO]: Registering commands with com.sk89q.worldedit.bukkit.BukkitServerInterface
[15:26:07] [Server thread/INFO]: WEPIF: Using the Bukkit Permissions API.
[15:26:08] [Server thread/INFO]: Using com.sk89q.worldedit.bukkit.adapter.impl.v1_19_R3.PaperweightAdapter as the Bukkit adapter
[15:26:09] [Server thread/INFO]: [WorldEdit] ====================================================
[15:26:09] [Server thread/INFO]: [WorldEdit]  WorldEdit works better if you use Paper 
[15:26:09] [Server thread/INFO]: [WorldEdit]  as your server software. 
[15:26:09] [Server thread/INFO]: [WorldEdit]   
[15:26:09] [Server thread/INFO]: [WorldEdit]  Paper offers significant performance improvements,
[15:26:09] [Server thread/INFO]: [WorldEdit]  bug fixes, security enhancements and optional
[15:26:09] [Server thread/INFO]: [WorldEdit]  features for server owners to enhance their server.
[15:26:09] [Server thread/INFO]: [WorldEdit]   
[15:26:09] [Server thread/INFO]: [WorldEdit]  Paper includes Timings v2, which is significantly
[15:26:09] [Server thread/INFO]: [WorldEdit]  better at diagnosing lag problems over v1.
[15:26:09] [Server thread/INFO]: [WorldEdit]   
[15:26:09] [Server thread/INFO]: [WorldEdit]  All of your plugins should still work, and the
[15:26:09] [Server thread/INFO]: [WorldEdit]  Paper community will gladly help you fix any issues.
[15:26:09] [Server thread/INFO]: [WorldEdit]   
[15:26:09] [Server thread/INFO]: [WorldEdit]  Join the Paper Community @ https://papermc.io
[15:26:09] [Server thread/INFO]: [WorldEdit] ====================================================
[15:26:09] [Server thread/INFO]: Preparing level "world"
[15:26:09] [Server thread/INFO]: -------- World Settings For [world] --------
[15:26:09] [Server thread/INFO]: Arrow Despawn Rate: 1200 Trident Respawn Rate:1200
[15:26:09] [Server thread/INFO]: Item Merge Radius: 2.5
[15:26:09] [Server thread/INFO]: Item Despawn Rate: 6000
[15:26:09] [Server thread/INFO]: Simulation Distance: 10
[15:26:09] [Server thread/INFO]: View Distance: 10
[15:26:09] [Server thread/INFO]: Allow Zombie Pigmen to spawn from portal blocks: true
[15:26:09] [Server thread/INFO]: Nerfing mobs spawned from spawners: false
[15:26:09] [Server thread/INFO]: Zombie Aggressive Towards Villager: true
[15:26:09] [Server thread/INFO]: Mob Spawn Range: 6
[15:26:09] [Server thread/INFO]: Cactus Growth Modifier: 100%
[15:26:09] [Server thread/INFO]: Cane Growth Modifier: 100%
[15:26:09] [Server thread/INFO]: Melon Growth Modifier: 100%
[15:26:09] [Server thread/INFO]: Mushroom Growth Modifier: 100%
[15:26:09] [Server thread/INFO]: Pumpkin Growth Modifier: 100%
[15:26:09] [Server thread/INFO]: Sapling Growth Modifier: 100%
[15:26:09] [Server thread/INFO]: Beetroot Growth Modifier: 100%
[15:26:09] [Server thread/INFO]: Carrot Growth Modifier: 100%
[15:26:09] [Server thread/INFO]: Potato Growth Modifier: 100%
[15:26:09] [Server thread/INFO]: Wheat Growth Modifier: 100%
[15:26:09] [Server thread/INFO]: NetherWart Growth Modifier: 100%
[15:26:09] [Server thread/INFO]: Vine Growth Modifier: 100%
[15:26:09] [Server thread/INFO]: Cocoa Growth Modifier: 100%
[15:26:09] [Server thread/INFO]: Bamboo Growth Modifier: 100%
[15:26:09] [Server thread/INFO]: SweetBerry Growth Modifier: 100%
[15:26:09] [Server thread/INFO]: Kelp Growth Modifier: 100%
[15:26:09] [Server thread/INFO]: TwistingVines Growth Modifier: 100%
[15:26:09] [Server thread/INFO]: WeepingVines Growth Modifier: 100%
[15:26:09] [Server thread/INFO]: CaveVines Growth Modifier: 100%
[15:26:09] [Server thread/INFO]: Experience Merge Radius: 3.0
[15:26:09] [Server thread/INFO]: Entity Activation Range: An 32 / Mo 32 / Ra 48 / Mi 16 / Tiv true / Isa false
[15:26:09] [Server thread/INFO]: Hopper Transfer: 8 Hopper Check: 1 Hopper Amount: 1 Hopper Can Load Chunks: false
[15:26:09] [Server thread/INFO]: Custom Map Seeds:  Village: 10387312 Desert: 14357617 Igloo: 14357618 Jungle: 14357619 Swamp: 14357620 Monument: 10387313 Ocean: 14357621 Shipwreck: 165745295 End City: 10387313 Slime: 987234911 Nether: 30084232 Mansion: 10387319 Fossil: 14357921 Portal: 34222645
[15:26:09] [Server thread/INFO]: Entity Tracking Range: Pl 48 / An 48 / Mo 48 / Mi 32 / Di 128 / Other 64
[15:26:09] [Server thread/INFO]: Tile Max Tick Time: 50ms Entity max Tick Time: 50ms
[15:26:09] [Server thread/INFO]: Max TNT Explosions: 100
[15:26:09] [Server thread/INFO]: -------- World Settings For [world_nether] --------
[15:26:09] [Server thread/INFO]: Arrow Despawn Rate: 1200 Trident Respawn Rate:1200
[15:26:09] [Server thread/INFO]: Item Merge Radius: 2.5
[15:26:09] [Server thread/INFO]: Item Despawn Rate: 6000
[15:26:09] [Server thread/INFO]: Simulation Distance: 10
[15:26:09] [Server thread/INFO]: View Distance: 10
[15:26:09] [Server thread/INFO]: Allow Zombie Pigmen to spawn from portal blocks: true
[15:26:09] [Server thread/INFO]: Nerfing mobs spawned from spawners: false
[15:26:09] [Server thread/INFO]: Zombie Aggressive Towards Villager: true
[15:26:09] [Server thread/INFO]: Mob Spawn Range: 6
[15:26:09] [Server thread/INFO]: Cactus Growth Modifier: 100%
[15:26:09] [Server thread/INFO]: Cane Growth Modifier: 100%
[15:26:09] [Server thread/INFO]: Melon Growth Modifier: 100%
[15:26:09] [Server thread/INFO]: Mushroom Growth Modifier: 100%
[15:26:09] [Server thread/INFO]: Pumpkin Growth Modifier: 100%
[15:26:09] [Server thread/INFO]: Sapling Growth Modifier: 100%
[15:26:09] [Server thread/INFO]: Beetroot Growth Modifier: 100%
[15:26:09] [Server thread/INFO]: Carrot Growth Modifier: 100%
[15:26:09] [Server thread/INFO]: Potato Growth Modifier: 100%
[15:26:09] [Server thread/INFO]: Wheat Growth Modifier: 100%
[15:26:09] [Server thread/INFO]: NetherWart Growth Modifier: 100%
[15:26:09] [Server thread/INFO]: Vine Growth Modifier: 100%
[15:26:09] [Server thread/INFO]: Cocoa Growth Modifier: 100%
[15:26:09] [Server thread/INFO]: Bamboo Growth Modifier: 100%
[15:26:09] [Server thread/INFO]: SweetBerry Growth Modifier: 100%
[15:26:09] [Server thread/INFO]: Kelp Growth Modifier: 100%
[15:26:09] [Server thread/INFO]: TwistingVines Growth Modifier: 100%
[15:26:09] [Server thread/INFO]: WeepingVines Growth Modifier: 100%
[15:26:09] [Server thread/INFO]: CaveVines Growth Modifier: 100%
[15:26:09] [Server thread/INFO]: Experience Merge Radius: 3.0
[15:26:09] [Server thread/INFO]: Entity Activation Range: An 32 / Mo 32 / Ra 48 / Mi 16 / Tiv true / Isa false
[15:26:09] [Server thread/INFO]: Hopper Transfer: 8 Hopper Check: 1 Hopper Amount: 1 Hopper Can Load Chunks: false
[15:26:09] [Server thread/INFO]: Custom Map Seeds:  Village: 10387312 Desert: 14357617 Igloo: 14357618 Jungle: 14357619 Swamp: 14357620 Monument: 10387313 Ocean: 14357621 Shipwreck: 165745295 End City: 10387313 Slime: 987234911 Nether: 30084232 Mansion: 10387319 Fossil: 14357921 Portal: 34222645
[15:26:09] [Server thread/INFO]: Entity Tracking Range: Pl 48 / An 48 / Mo 48 / Mi 32 / Di 128 / Other 64
[15:26:09] [Server thread/INFO]: Tile Max Tick Time: 50ms Entity max Tick Time: 50ms
[15:26:09] [Server thread/INFO]: Max TNT Explosions: 100
[15:26:09] [Server thread/INFO]: -------- World Settings For [world_the_end] --------
[15:26:09] [Server thread/INFO]: Arrow Despawn Rate: 1200 Trident Respawn Rate:1200
[15:26:09] [Server thread/INFO]: Item Merge Radius: 2.5
[15:26:09] [Server thread/INFO]: Item Despawn Rate: 6000
[15:26:09] [Server thread/INFO]: Simulation Distance: 10
[15:26:09] [Server thread/INFO]: View Distance: 10
[15:26:09] [Server thread/INFO]: Allow Zombie Pigmen to spawn from portal blocks: true
[15:26:09] [Server thread/INFO]: Nerfing mobs spawned from spawners: false
[15:26:09] [Server thread/INFO]: Zombie Aggressive Towards Villager: true
[15:26:09] [Server thread/INFO]: Mob Spawn Range: 6
[15:26:09] [Server thread/INFO]: Cactus Growth Modifier: 100%
[15:26:09] [Server thread/INFO]: Cane Growth Modifier: 100%
[15:26:09] [Server thread/INFO]: Melon Growth Modifier: 100%
[15:26:09] [Server thread/INFO]: Mushroom Growth Modifier: 100%
[15:26:09] [Server thread/INFO]: Pumpkin Growth Modifier: 100%
[15:26:09] [Server thread/INFO]: Sapling Growth Modifier: 100%
[15:26:09] [Server thread/INFO]: Beetroot Growth Modifier: 100%
[15:26:09] [Server thread/INFO]: Carrot Growth Modifier: 100%
[15:26:09] [Server thread/INFO]: Potato Growth Modifier: 100%
[15:26:09] [Server thread/INFO]: Wheat Growth Modifier: 100%
[15:26:09] [Server thread/INFO]: NetherWart Growth Modifier: 100%
[15:26:09] [Server thread/INFO]: Vine Growth Modifier: 100%
[15:26:09] [Server thread/INFO]: Cocoa Growth Modifier: 100%
[15:26:09] [Server thread/INFO]: Bamboo Growth Modifier: 100%
[15:26:09] [Server thread/INFO]: SweetBerry Growth Modifier: 100%
[15:26:09] [Server thread/INFO]: Kelp Growth Modifier: 100%
[15:26:09] [Server thread/INFO]: TwistingVines Growth Modifier: 100%
[15:26:09] [Server thread/INFO]: WeepingVines Growth Modifier: 100%
[15:26:09] [Server thread/INFO]: CaveVines Growth Modifier: 100%
[15:26:09] [Server thread/INFO]: Experience Merge Radius: 3.0
[15:26:09] [Server thread/INFO]: Entity Activation Range: An 32 / Mo 32 / Ra 48 / Mi 16 / Tiv true / Isa false
[15:26:09] [Server thread/INFO]: Hopper Transfer: 8 Hopper Check: 1 Hopper Amount: 1 Hopper Can Load Chunks: false
[15:26:09] [Server thread/INFO]: Custom Map Seeds:  Village: 10387312 Desert: 14357617 Igloo: 14357618 Jungle: 14357619 Swamp: 14357620 Monument: 10387313 Ocean: 14357621 Shipwreck: 165745295 End City: 10387313 Slime: 987234911 Nether: 30084232 Mansion: 10387319 Fossil: 14357921 Portal: 34222645
[15:26:09] [Server thread/INFO]: Entity Tracking Range: Pl 48 / An 48 / Mo 48 / Mi 32 / Di 128 / Other 64
[15:26:09] [Server thread/INFO]: Tile Max Tick Time: 50ms Entity max Tick Time: 50ms
[15:26:09] [Server thread/INFO]: Max TNT Explosions: 100
[15:26:09] [Server thread/INFO]: Preparing start region for dimension minecraft:overworld
[15:26:13] [Worker-Main-10/INFO]: Preparing spawn area: 0%
[15:26:13] [Worker-Main-8/INFO]: Preparing spawn area: 0%
[15:26:13] [Worker-Main-8/INFO]: Preparing spawn area: 0%
[15:26:13] [Worker-Main-8/INFO]: Preparing spawn area: 0%
[15:26:13] [Worker-Main-8/INFO]: Preparing spawn area: 0%
[15:26:13] [Worker-Main-8/INFO]: Preparing spawn area: 0%
[15:26:13] [Worker-Main-8/INFO]: Preparing spawn area: 0%
[15:26:13] [Worker-Main-11/INFO]: Preparing spawn area: 0%
[15:26:13] [Worker-Main-7/INFO]: Preparing spawn area: 57%
[15:26:14] [Server thread/INFO]: Time elapsed: 4268 ms
[15:26:14] [Server thread/INFO]: Preparing start region for dimension minecraft:the_nether
[15:26:17] [Worker-Main-11/INFO]: Preparing spawn area: 0%
[15:26:17] [Worker-Main-11/INFO]: Preparing spawn area: 0%
[15:26:17] [Worker-Main-11/INFO]: Preparing spawn area: 0%
[15:26:17] [Worker-Main-3/INFO]: Preparing spawn area: 0%
[15:26:17] [Worker-Main-2/INFO]: Preparing spawn area: 0%
[15:26:17] [Worker-Main-2/INFO]: Preparing spawn area: 0%
[15:26:17] [Worker-Main-9/INFO]: Preparing spawn area: 0%
[15:26:17] [Worker-Main-3/INFO]: Preparing spawn area: 70%
[15:26:17] [Server thread/INFO]: Time elapsed: 3663 ms
[15:26:17] [Server thread/INFO]: Preparing start region for dimension minecraft:the_end
[15:26:20] [Worker-Main-8/INFO]: Preparing spawn area: 0%
[15:26:20] [Worker-Main-4/INFO]: Preparing spawn area: 0%
[15:26:20] [Worker-Main-8/INFO]: Preparing spawn area: 0%
[15:26:20] [Worker-Main-4/INFO]: Preparing spawn area: 0%
[15:26:20] [Worker-Main-4/INFO]: Preparing spawn area: 0%
[15:26:20] [Worker-Main-2/INFO]: Preparing spawn area: 16%
[15:26:20] [Server thread/INFO]: Time elapsed: 2803 ms
[15:26:20] [Server thread/INFO]: [MobArena] Enabling MobArena v0.107
[15:26:20] [Server thread/INFO]: [MobArena] Vault was not found. Economy rewards will not work.
[15:26:20] [Server thread/INFO]: [MobArena] Loaded arena 'desert'
[15:26:20] [Server thread/INFO]: [MobArena] 1 arena sign(s) loaded.
[15:26:20] [Server thread/INFO]: [MobArena] Loaded 3 sign templates.
[15:26:20] [Server thread/INFO]: [WorldGuard] Enabling WorldGuard v7.0.7+216b061
[15:26:21] [Server thread/INFO]: [WorldGuard] (world) TNT ignition is PERMITTED.
[15:26:21] [Server thread/INFO]: [WorldGuard] (world) Lighters are PERMITTED.
[15:26:21] [Server thread/INFO]: [WorldGuard] (world) Lava fire is PERMITTED.
[15:26:21] [Server thread/INFO]: [WorldGuard] (world) Fire spread is UNRESTRICTED.
[15:26:21] [Server thread/INFO]: [WorldGuard] Loaded configuration for world 'world'
[15:26:21] [Server thread/INFO]: [WorldGuard] (world_nether) TNT ignition is PERMITTED.
[15:26:21] [Server thread/INFO]: [WorldGuard] (world_nether) Lighters are PERMITTED.
[15:26:21] [Server thread/INFO]: [WorldGuard] (world_nether) Lava fire is PERMITTED.
[15:26:21] [Server thread/INFO]: [WorldGuard] (world_nether) Fire spread is UNRESTRICTED.
[15:26:21] [Server thread/INFO]: [WorldGuard] Loaded configuration for world 'world_nether'
[15:26:21] [Server thread/INFO]: [WorldGuard] (world_the_end) TNT ignition is PERMITTED.
[15:26:21] [Server thread/INFO]: [WorldGuard] (world_the_end) Lighters are PERMITTED.
[15:26:21] [Server thread/INFO]: [WorldGuard] (world_the_end) Lava fire is PERMITTED.
[15:26:21] [Server thread/INFO]: [WorldGuard] (world_the_end) Fire spread is UNRESTRICTED.
[15:26:21] [Server thread/INFO]: [WorldGuard] Loaded configuration for world 'world_the_end'
[15:26:21] [Server thread/INFO]: [WorldGuard] Loading region data...
[15:26:21] [Server thread/INFO]: [WorldGuardExtraFlags] Enabling WorldGuardExtraFlags v4.2.1
[15:26:21] [Server thread/INFO]: [WorldGuard] Registering session handler net.goldtreeservers.worldguardextraflags.wg.handlers.TeleportOnEntryFlagHandler
[15:26:21] [Server thread/INFO]: [WorldGuard] Registering session handler net.goldtreeservers.worldguardextraflags.wg.handlers.TeleportOnExitFlagHandler
[15:26:21] [Server thread/INFO]: [WorldGuard] Registering session handler net.goldtreeservers.worldguardextraflags.wg.handlers.CommandOnEntryFlagHandler
[15:26:21] [Server thread/INFO]: [WorldGuard] Registering session handler net.goldtreeservers.worldguardextraflags.wg.handlers.CommandOnExitFlagHandler
[15:26:21] [Server thread/INFO]: [WorldGuard] Registering session handler net.goldtreeservers.worldguardextraflags.wg.handlers.ConsoleCommandOnEntryFlagHandler
[15:26:21] [Server thread/INFO]: [WorldGuard] Registering session handler net.goldtreeservers.worldguardextraflags.wg.handlers.ConsoleCommandOnExitFlagHandler
[15:26:21] [Server thread/INFO]: [WorldGuard] Registering session handler net.goldtreeservers.worldguardextraflags.wg.handlers.WalkSpeedFlagHandler
[15:26:21] [Server thread/INFO]: [WorldGuard] Registering session handler net.goldtreeservers.worldguardextraflags.wg.handlers.BlockedEffectsFlagHandler
[15:26:21] [Server thread/INFO]: [WorldGuard] Registering session handler net.goldtreeservers.worldguardextraflags.wg.handlers.GodmodeFlagHandler
[15:26:21] [Server thread/INFO]: [WorldGuard] Registering session handler net.goldtreeservers.worldguardextraflags.wg.handlers.GiveEffectsFlagHandler
[15:26:21] [Server thread/INFO]: [WorldGuard] Registering session handler net.goldtreeservers.worldguardextraflags.wg.handlers.FlyFlagHandler
[15:26:21] [Server thread/INFO]: [WorldGuard] Registering session handler net.goldtreeservers.worldguardextraflags.wg.handlers.FlySpeedFlagHandler
[15:26:21] [Server thread/INFO]: [WorldGuard] Registering session handler net.goldtreeservers.worldguardextraflags.wg.handlers.PlaySoundsFlagHandler
[15:26:21] [Server thread/INFO]: [WorldGuard] Registering session handler net.goldtreeservers.worldguardextraflags.wg.handlers.GlideFlagHandler
[15:26:21] [Server thread/INFO]: [WarpSystem] Enabling WarpSystem v5.1.6-free
[15:26:21] [Server thread/INFO]: [WarpSystem]  
[15:26:21] [Server thread/INFO]: [WarpSystem] __________________________________________________________
[15:26:21] [Server thread/INFO]: [WarpSystem]  
[15:26:21] [Server thread/INFO]: [WarpSystem]                        WarpSystem [5.1.6-free]
[15:26:21] [Server thread/INFO]: [WarpSystem]  
[15:26:21] [Server thread/INFO]: [WarpSystem] Status:
[15:26:21] [Server thread/INFO]: [WarpSystem]  
[15:26:21] [Server thread/INFO]: [WarpSystem] MC-Version: 1.19.4 (R0.1-SNAPSHOT, Spigot)
[15:26:21] [Server thread/INFO]: [WarpSystem]  
[15:26:21] [Server thread/INFO]: [WarpSystem] Loading features
[15:26:21] [Server thread/INFO]: [WarpSystem]   > Loading RandomTeleporters
[15:26:22] [Server thread/INFO]: [WarpSystem]     ...got 3 WorldOption(s)
[15:26:22] [Server thread/INFO]: [WarpSystem]     ...preloading is disabled
[15:26:22] [Server thread/INFO]: [WarpSystem]     ...got 0 InteractBlock(s)
[15:26:22] [Server thread/INFO]: [WarpSystem]   > Loading Icons
[15:26:22] [Server thread/INFO]: [WarpSystem]     > Loading background
[15:26:22] [Server thread/INFO]: [WarpSystem]       ...got 1 background
[15:26:22] [Server thread/INFO]: [WarpSystem]     > Loading Icons
[15:26:22] [Server thread/INFO]: [WarpSystem]       ...got 0 Icons
[15:26:22] [Server thread/INFO]: [WarpSystem]   > Loading Portals
[15:26:22] [Server thread/INFO]: [WarpSystem]     ...got 0 Portal(s)
[15:26:22] [Server thread/INFO]: [WarpSystem]   > Loading PlayerWarps [Bungee: false; TimeDependent: true]
[15:26:22] [Server thread/INFO]: [WarpSystem]     ...got 6 Class(es)
[15:26:22] [Server thread/INFO]: [WarpSystem]     ...got 0 PlayerWarp(s)
[15:26:22] [Server thread/INFO]: [WarpSystem]   > Loading SimpleWarps
[15:26:22] [Server thread/INFO]: [WarpSystem]     ...got 12 SimpleWarp(s)
[15:26:22] [Server thread/INFO]: [WarpSystem]   > Loading WarpSigns
[15:26:24] [Server thread/INFO]: [WarpSystem]     ...got 7 WarpSign(s)
[15:26:24] [Server thread/INFO]: [WarpSystem]   > Loading Animations
[15:26:24] [Server thread/INFO]: [WarpSystem]     ...got 0 animation(s)
[15:26:24] [Server thread/INFO]: [WarpSystem]   > Loading Shortcuts
[15:26:24] [Server thread/INFO]: [WarpSystem]     ...got 0 Shortcut(s)
[15:26:24] [Server thread/INFO]: [WarpSystem]  
[15:26:24] [Server thread/INFO]: [WarpSystem] Loading TeleportManager
[15:26:24] [Server thread/INFO]: [WarpSystem] Starting AutoSaver
[15:26:24] [Server thread/INFO]: [WarpSystem]  
[15:26:24] [Server thread/INFO]: [WarpSystem] Finished (2756ms)
[15:26:24] [Server thread/INFO]: [WarpSystem]  
[15:26:24] [Server thread/INFO]: [WarpSystem] __________________________________________________________
[15:26:24] [Server thread/INFO]: [WarpSystem]  
[15:26:24] [Server thread/INFO]: [WarpSystem] ====================================================
[15:26:24] [Server thread/INFO]: [WarpSystem]  WarpSystem works better if you use Paper 
[15:26:24] [Server thread/INFO]: [WarpSystem]  as your server software. 
[15:26:24] [Server thread/INFO]: [WarpSystem] ====================================================
[15:26:24] [Server thread/INFO]: Server permissions file permissions.yml is empty, ignoring it
[15:26:24] [Server thread/INFO]: Done (15.169s)! For help, type "help"
